Wed Jun 15 15:30:19 2022 	Inotify started
Wed Jun 15 15:30:19 2022 	Refreshing files list started
Wed Jun 15 15:30:19 2022 	Refreshing files list completed
Wed Jun 15 15:31:46 2022 	35 file created
Wed Jun 15 15:31:46 2022 	59 file created
Wed Jun 15 15:31:46 2022 	999 file created
Wed Jun 15 15:31:46 2022 	1500 file created
Wed Jun 15 15:31:46 2022 	12 file created
Wed Jun 15 15:33:26 2022 	Inotify stopped
Fri Aug 12 14:32:02 2022 	Inotify started
Fri Aug 12 14:32:02 2022 	Refreshing files list started
Fri Aug 12 14:32:03 2022 	Refreshing files list completed
Fri Aug 12 14:35:51 2022 	Inotify started
Fri Aug 12 14:35:51 2022 	Refreshing files list started
Fri Aug 12 14:35:51 2022 	Refreshing files list completed
Fri Aug 12 14:36:19 2022 	Inotify stopped
Fri Aug 12 15:03:11 2022 	Inotify started
Fri Aug 12 15:03:11 2022 	Refreshing files list started
Fri Aug 12 15:03:11 2022 	Refreshing files list completed
Fri Aug 12 15:03:33 2022 	15 file created
Fri Aug 12 15:03:46 2022 	Inotify stopped
