Tue Aug 16 14:45:03 2022 	Inotify started
Tue Aug 16 14:45:03 2022 	Refreshing files list started
Tue Aug 16 14:45:03 2022 	Refreshing files list completed
Tue Aug 16 14:55:23 2022 	Inotify stopped
Tue Aug 16 14:55:14 2022 	Refreshing files list started
Tue Aug 16 14:55:14 2022 	Refreshing files list completed
Tue Aug 16 14:55:25 2022 	Inotify stopped
Tue Aug 16 14:55:37 2022 	Inotify started
Tue Aug 16 14:55:37 2022 	Refreshing files list started
Tue Aug 16 14:55:37 2022 	Refreshing files list completed
Tue Aug 16 14:55:51 2022 	Inotify stopped
Tue Aug 16 14:56:40 2022 	Inotify started
Tue Aug 16 14:56:40 2022 	Refreshing files list started
Tue Aug 16 14:56:40 2022 	Refreshing files list completed
Tue Aug 16 14:57:30 2022 	Inotify stopped
Tue Aug 16 14:57:49 2022 	Inotify started
Tue Aug 16 14:57:49 2022 	Refreshing files list started
Tue Aug 16 14:57:49 2022 	Refreshing files list completed
Tue Aug 16 15:02:49 2022 	Inotify stopped
Tue Aug 16 15:40:25 2022 	Inotify started
Tue Aug 16 15:40:25 2022 	Refreshing files list started
Tue Aug 16 15:40:25 2022 	Refreshing files list completed
Tue Aug 16 15:40:50 2022 	63.mp3 file created
Tue Aug 16 15:41:07 2022 	Inotify stopped
