Tue Aug 16 14:09:16 2022 	Inotify started
Tue Aug 16 14:09:16 2022 	Refreshing files list started
Tue Aug 16 14:09:16 2022 	Refreshing files list completed
Tue Aug 16 14:12:10 2022 	Inotify stopped
Tue Aug 16 14:12:23 2022 	Inotify started
Tue Aug 16 14:12:23 2022 	Refreshing files list started
Tue Aug 16 14:12:23 2022 	Refreshing files list completed
Tue Aug 16 14:12:43 2022 	Inotify stopped
Tue Aug 16 14:13:01 2022 	Inotify started
Tue Aug 16 14:13:01 2022 	Refreshing files list started
Tue Aug 16 14:13:01 2022 	Refreshing files list completed
Tue Aug 16 14:13:10 2022 	Inotify stopped
Tue Aug 16 14:16:25 2022 	Inotify started
Tue Aug 16 14:16:25 2022 	Refreshing files list started
Tue Aug 16 14:16:25 2022 	Refreshing files list completed
Tue Aug 16 14:16:50 2022 	Inotify stopped
Tue Aug 16 14:28:05 2022 	Inotify started
Tue Aug 16 14:28:05 2022 	Refreshing files list started
Tue Aug 16 14:28:05 2022 	Refreshing files list completed
Tue Aug 16 14:30:39 2022 	Inotify stopped
Tue Aug 16 14:30:47 2022 	Inotify started
Tue Aug 16 14:30:47 2022 	Refreshing files list started
Tue Aug 16 14:30:47 2022 	Refreshing files list completed
Tue Aug 16 14:31:34 2022 	Inotify stopped
Tue Aug 16 14:42:08 2022 	Inotify started
Tue Aug 16 14:42:08 2022 	Refreshing files list started
Tue Aug 16 14:42:08 2022 	Refreshing files list completed
Tue Aug 16 14:43:16 2022 	Inotify stopped
Tue Aug 16 14:44:07 2022 	Inotify started
Tue Aug 16 14:44:07 2022 	Refreshing files list started
Tue Aug 16 14:44:07 2022 	Refreshing files list completed
Tue Aug 16 14:44:35 2022 	53.mp3 file created
Tue Aug 16 14:44:51 2022 	Inotify stopped
