Mon Aug 15 15:48:50 2022 	Inotify started
Mon Aug 15 15:48:50 2022 	Refreshing files list started
Mon Aug 15 15:48:50 2022 	Refreshing files list completed
Mon Aug 15 15:49:55 2022 	14.wav file created
Mon Aug 15 15:51:36 2022 	Inotify stopped
Mon Aug 15 15:53:12 2022 	Inotify started
Mon Aug 15 15:53:12 2022 	Refreshing files list started
Mon Aug 15 15:53:12 2022 	Refreshing files list completed
Mon Aug 15 15:53:24 2022 	11.wav file created
Mon Aug 15 15:53:57 2022 	11 file created
Mon Aug 15 15:54:07 2022 	Inotify stopped
Tue Aug 16 13:59:49 2022 	Inotify started
Tue Aug 16 13:59:49 2022 	Refreshing files list started
Tue Aug 16 13:59:49 2022 	Refreshing files list completed
Tue Aug 16 14:00:28 2022 	35.wav file created
Tue Aug 16 14:00:40 2022 	Inotify stopped
Tue Aug 16 14:03:53 2022 	Inotify started
Tue Aug 16 14:03:53 2022 	Refreshing files list started
Tue Aug 16 14:03:53 2022 	Refreshing files list completed
Tue Aug 16 14:04:27 2022 	Inotify stopped
Tue Aug 16 14:04:41 2022 	Inotify started
Tue Aug 16 14:04:41 2022 	Refreshing files list started
Tue Aug 16 14:04:41 2022 	Refreshing files list completed
Tue Aug 16 14:05:36 2022 	Inotify stopped
Tue Aug 16 14:05:54 2022 	Inotify started
Tue Aug 16 14:05:54 2022 	Refreshing files list started
Tue Aug 16 14:05:54 2022 	Refreshing files list completed
Tue Aug 16 14:07:17 2022 	Inotify stopped
Tue Aug 16 14:07:44 2022 	Inotify started
Tue Aug 16 14:07:44 2022 	Refreshing files list started
Tue Aug 16 14:07:44 2022 	Refreshing files list completed
Tue Aug 16 14:08:49 2022 	3.mp3 file created
Tue Aug 16 14:09:05 2022 	Inotify stopped
