Wed Jun 15 13:25:03 2022 	Inotify started
Wed Jun 15 13:25:03 2022 	Song list refreshed
Wed Jun 15 13:26:04 2022 	Inotify stopped
Wed Jun 15 14:19:16 2022 	Inotify started
Wed Jun 15 14:19:16 2022 	Refreshing files list started
Wed Jun 15 14:19:16 2022 	Refreshing files list completed
Wed Jun 15 14:24:07 2022 	400 file created
Wed Jun 15 14:27:04 2022 	Inotify stopped
Wed Jun 15 14:31:22 2022 	Inotify started
Wed Jun 15 14:31:22 2022 	Refreshing files list started
Wed Jun 15 14:31:22 2022 	Refreshing files list completed
Wed Jun 15 14:35:40 2022 	200 file moved to songs folder
Wed Jun 15 14:35:40 2022 	3300 file moved to songs folder
Wed Jun 15 14:40:51 2022 	Inotify stopped
Wed Jun 15 15:11:37 2022 	Inotify started
Wed Jun 15 15:11:37 2022 	Refreshing files list started
Wed Jun 15 15:11:37 2022 	Refreshing files list completed
Wed Jun 15 15:13:44 2022 	Inotify started
Wed Jun 15 15:13:44 2022 	Refreshing files list started
Wed Jun 15 15:13:44 2022 	Refreshing files list completed
Wed Jun 15 15:17:26 2022 	Inotify started
Wed Jun 15 15:17:26 2022 	Refreshing files list started
Wed Jun 15 15:17:26 2022 	Refreshing files list completed
Wed Jun 15 15:18:30 2022 	Inotify stopped
Wed Jun 15 15:19:02 2022 	Inotify started
Wed Jun 15 15:19:02 2022 	Refreshing files list started
Wed Jun 15 15:19:02 2022 	Refreshing files list completed
Wed Jun 15 15:21:18 2022 	1 file created
Wed Jun 15 15:22:03 2022 	Inotify stopped
Wed Jun 15 15:25:44 2022 	Inotify started
Wed Jun 15 15:25:44 2022 	Refreshing files list started
Wed Jun 15 15:25:44 2022 	Refreshing files list completed
Wed Jun 15 15:27:22 2022 	Inotify stopped
